<?xml version="1.0" encoding="UTF-8"?>
<testsuite xmlns:xsi="http://www.w3.org/2001/XMLSchema-instance" xsi:noNamespaceSchemaLocation="https://maven.apache.org/surefire/maven-surefire-plugin/xsd/surefire-test-report.xsd" name="com.yuw.Springboot20190926ApplicationTests" time="3.875" tests="1" errors="0" skipped="0" failures="0">
  <properties>
    <property name="sun.desktop" value="windows"/>
    <property name="awt.toolkit" value="sun.awt.windows.WToolkit"/>
    <property name="file.encoding.pkg" value="sun.io"/>
    <property name="java.specification.version" value="1.8"/>
    <property name="sun.cpu.isalist" value="amd64"/>
    <property name="sun.jnu.encoding" value="GBK"/>
    <property name="java.class.path" value="D:\XMWorkSpace\qd_springboot20190926\target\test-classes;D:\XMWorkSpace\qd_springboot20190926\target\classes;D:\Program Files\eclipse\apache-tomcat-8.5.38\maven-repository\org\springframework\boot\spring-boot-starter-thymeleaf\2.1.8.RELEASE\spring-boot-starter-thymeleaf-2.1.8.RELEASE.jar;D:\Program Files\eclipse\apache-tomcat-8.5.38\maven-repository\org\springframework\boot\spring-boot-starter\2.1.8.RELEASE\spring-boot-starter-2.1.8.RELEASE.jar;D:\Program Files\eclipse\apache-tomcat-8.5.38\maven-repository\org\springframework\boot\spring-boot-starter-logging\2.1.8.RELEASE\spring-boot-starter-logging-2.1.8.RELEASE.jar;D:\Program Files\eclipse\apache-tomcat-8.5.38\maven-repository\ch\qos\logback\logback-classic\1.2.3\logback-classic-1.2.3.jar;D:\Program Files\eclipse\apache-tomcat-8.5.38\maven-repository\ch\qos\logback\logback-core\1.2.3\logback-core-1.2.3.jar;D:\Program Files\eclipse\apache-tomcat-8.5.38\maven-repository\org\apache\logging\log4j\log4j-to-slf4j\2.11.2\log4j-to-slf4j-2.11.2.jar;D:\Program Files\eclipse\apache-tomcat-8.5.38\maven-repository\org\apache\logging\log4j\log4j-api\2.11.2\log4j-api-2.11.2.jar;D:\Program Files\eclipse\apache-tomcat-8.5.38\maven-repository\org\slf4j\jul-to-slf4j\1.7.28\jul-to-slf4j-1.7.28.jar;D:\Program Files\eclipse\apache-tomcat-8.5.38\maven-repository\javax\annotation\javax.annotation-api\1.3.2\javax.annotation-api-1.3.2.jar;D:\Program Files\eclipse\apache-tomcat-8.5.38\maven-repository\org\yaml\snakeyaml\1.23\snakeyaml-1.23.jar;D:\Program Files\eclipse\apache-tomcat-8.5.38\maven-repository\org\thymeleaf\thymeleaf-spring5\3.0.11.RELEASE\thymeleaf-spring5-3.0.11.RELEASE.jar;D:\Program Files\eclipse\apache-tomcat-8.5.38\maven-repository\org\thymeleaf\thymeleaf\3.0.11.RELEASE\thymeleaf-3.0.11.RELEASE.jar;D:\Program Files\eclipse\apache-tomcat-8.5.38\maven-repository\org\attoparser\attoparser\2.0.5.RELEASE\attoparser-2.0.5.RELEASE.jar;D:\Program Files\eclipse\apache-tomcat-8.5.38\maven-repository\org\unbescape\unbescape\1.1.6.RELEASE\unbescape-1.1.6.RELEASE.jar;D:\Program Files\eclipse\apache-tomcat-8.5.38\maven-repository\org\slf4j\slf4j-api\1.7.28\slf4j-api-1.7.28.jar;D:\Program Files\eclipse\apache-tomcat-8.5.38\maven-repository\org\thymeleaf\extras\thymeleaf-extras-java8time\3.0.4.RELEASE\thymeleaf-extras-java8time-3.0.4.RELEASE.jar;D:\Program Files\eclipse\apache-tomcat-8.5.38\maven-repository\org\springframework\boot\spring-boot-starter-web\2.1.8.RELEASE\spring-boot-starter-web-2.1.8.RELEASE.jar;D:\Program Files\eclipse\apache-tomcat-8.5.38\maven-repository\org\springframework\boot\spring-boot-starter-json\2.1.8.RELEASE\spring-boot-starter-json-2.1.8.RELEASE.jar;D:\Program Files\eclipse\apache-tomcat-8.5.38\maven-repository\com\fasterxml\jackson\core\jackson-databind\2.9.9.3\jackson-databind-2.9.9.3.jar;D:\Program Files\eclipse\apache-tomcat-8.5.38\maven-repository\com\fasterxml\jackson\core\jackson-annotations\2.9.0\jackson-annotations-2.9.0.jar;D:\Program Files\eclipse\apache-tomcat-8.5.38\maven-repository\com\fasterxml\jackson\core\jackson-core\2.9.9\jackson-core-2.9.9.jar;D:\Program Files\eclipse\apache-tomcat-8.5.38\maven-repository\com\fasterxml\jackson\datatype\jackson-datatype-jdk8\2.9.9\jackson-datatype-jdk8-2.9.9.jar;D:\Program Files\eclipse\apache-tomcat-8.5.38\maven-repository\com\fasterxml\jackson\datatype\jackson-datatype-jsr310\2.9.9\jackson-datatype-jsr310-2.9.9.jar;D:\Program Files\eclipse\apache-tomcat-8.5.38\maven-repository\com\fasterxml\jackson\module\jackson-module-parameter-names\2.9.9\jackson-module-parameter-names-2.9.9.jar;D:\Program Files\eclipse\apache-tomcat-8.5.38\maven-repository\org\springframework\boot\spring-boot-starter-tomcat\2.1.8.RELEASE\spring-boot-starter-tomcat-2.1.8.RELEASE.jar;D:\Program Files\eclipse\apache-tomcat-8.5.38\maven-repository\org\apache\tomcat\embed\tomcat-embed-core\9.0.24\tomcat-embed-core-9.0.24.jar;D:\Program Files\eclipse\apache-tomcat-8.5.38\maven-repository\org\apache\tomcat\embed\tomcat-embed-el\9.0.24\tomcat-embed-el-9.0.24.jar;D:\Program Files\eclipse\apache-tomcat-8.5.38\maven-repository\org\apache\tomcat\embed\tomcat-embed-websocket\9.0.24\tomcat-embed-websocket-9.0.24.jar;D:\Program Files\eclipse\apache-tomcat-8.5.38\maven-repository\org\hibernate\validator\hibernate-validator\6.0.17.Final\hibernate-validator-6.0.17.Final.jar;D:\Program Files\eclipse\apache-tomcat-8.5.38\maven-repository\javax\validation\validation-api\2.0.1.Final\validation-api-2.0.1.Final.jar;D:\Program Files\eclipse\apache-tomcat-8.5.38\maven-repository\org\jboss\logging\jboss-logging\3.3.3.Final\jboss-logging-3.3.3.Final.jar;D:\Program Files\eclipse\apache-tomcat-8.5.38\maven-repository\com\fasterxml\classmate\1.4.0\classmate-1.4.0.jar;D:\Program Files\eclipse\apache-tomcat-8.5.38\maven-repository\org\springframework\spring-web\5.1.9.RELEASE\spring-web-5.1.9.RELEASE.jar;D:\Program Files\eclipse\apache-tomcat-8.5.38\maven-repository\org\springframework\spring-beans\5.1.9.RELEASE\spring-beans-5.1.9.RELEASE.jar;D:\Program Files\eclipse\apache-tomcat-8.5.38\maven-repository\org\springframework\spring-webmvc\5.1.9.RELEASE\spring-webmvc-5.1.9.RELEASE.jar;D:\Program Files\eclipse\apache-tomcat-8.5.38\maven-repository\org\springframework\spring-aop\5.1.9.RELEASE\spring-aop-5.1.9.RELEASE.jar;D:\Program Files\eclipse\apache-tomcat-8.5.38\maven-repository\org\springframework\spring-context\5.1.9.RELEASE\spring-context-5.1.9.RELEASE.jar;D:\Program Files\eclipse\apache-tomcat-8.5.38\maven-repository\org\springframework\spring-expression\5.1.9.RELEASE\spring-expression-5.1.9.RELEASE.jar;D:\Program Files\eclipse\apache-tomcat-8.5.38\maven-repository\org\springframework\boot\spring-boot-devtools\2.1.8.RELEASE\spring-boot-devtools-2.1.8.RELEASE.jar;D:\Program Files\eclipse\apache-tomcat-8.5.38\maven-repository\org\springframework\boot\spring-boot\2.1.8.RELEASE\spring-boot-2.1.8.RELEASE.jar;D:\Program Files\eclipse\apache-tomcat-8.5.38\maven-repository\org\springframework\boot\spring-boot-autoconfigure\2.1.8.RELEASE\spring-boot-autoconfigure-2.1.8.RELEASE.jar;D:\Program Files\eclipse\apache-tomcat-8.5.38\maven-repository\org\springframework\boot\spring-boot-starter-test\2.1.8.RELEASE\spring-boot-starter-test-2.1.8.RELEASE.jar;D:\Program Files\eclipse\apache-tomcat-8.5.38\maven-repository\org\springframework\boot\spring-boot-test\2.1.8.RELEASE\spring-boot-test-2.1.8.RELEASE.jar;D:\Program Files\eclipse\apache-tomcat-8.5.38\maven-repository\org\springframework\boot\spring-boot-test-autoconfigure\2.1.8.RELEASE\spring-boot-test-autoconfigure-2.1.8.RELEASE.jar;D:\Program Files\eclipse\apache-tomcat-8.5.38\maven-repository\com\jayway\jsonpath\json-path\2.4.0\json-path-2.4.0.jar;D:\Program Files\eclipse\apache-tomcat-8.5.38\maven-repository\net\minidev\json-smart\2.3\json-smart-2.3.jar;D:\Program Files\eclipse\apache-tomcat-8.5.38\maven-repository\net\minidev\accessors-smart\1.2\accessors-smart-1.2.jar;D:\Program Files\eclipse\apache-tomcat-8.5.38\maven-repository\org\ow2\asm\asm\5.0.4\asm-5.0.4.jar;D:\Program Files\eclipse\apache-tomcat-8.5.38\maven-repository\junit\junit\4.12\junit-4.12.jar;D:\Program Files\eclipse\apache-tomcat-8.5.38\maven-repository\org\assertj\assertj-core\3.11.1\assertj-core-3.11.1.jar;D:\Program Files\eclipse\apache-tomcat-8.5.38\maven-repository\org\mockito\mockito-core\2.23.4\mockito-core-2.23.4.jar;D:\Program Files\eclipse\apache-tomcat-8.5.38\maven-repository\net\bytebuddy\byte-buddy\1.9.16\byte-buddy-1.9.16.jar;D:\Program Files\eclipse\apache-tomcat-8.5.38\maven-repository\net\bytebuddy\byte-buddy-agent\1.9.16\byte-buddy-agent-1.9.16.jar;D:\Program Files\eclipse\apache-tomcat-8.5.38\maven-repository\org\objenesis\objenesis\2.6\objenesis-2.6.jar;D:\Program Files\eclipse\apache-tomcat-8.5.38\maven-repository\org\hamcrest\hamcrest-core\1.3\hamcrest-core-1.3.jar;D:\Program Files\eclipse\apache-tomcat-8.5.38\maven-repository\org\hamcrest\hamcrest-library\1.3\hamcrest-library-1.3.jar;D:\Program Files\eclipse\apache-tomcat-8.5.38\maven-repository\org\skyscreamer\jsonassert\1.5.0\jsonassert-1.5.0.jar;D:\Program Files\eclipse\apache-tomcat-8.5.38\maven-repository\com\vaadin\external\google\android-json\0.0.20131108.vaadin1\android-json-0.0.20131108.vaadin1.jar;D:\Program Files\eclipse\apache-tomcat-8.5.38\maven-repository\org\springframework\spring-core\5.1.9.RELEASE\spring-core-5.1.9.RELEASE.jar;D:\Program Files\eclipse\apache-tomcat-8.5.38\maven-repository\org\springframework\spring-jcl\5.1.9.RELEASE\spring-jcl-5.1.9.RELEASE.jar;D:\Program Files\eclipse\apache-tomcat-8.5.38\maven-repository\org\springframework\spring-test\5.1.9.RELEASE\spring-test-5.1.9.RELEASE.jar;D:\Program Files\eclipse\apache-tomcat-8.5.38\maven-repository\org\xmlunit\xmlunit-core\2.6.3\xmlunit-core-2.6.3.jar;D:\Program Files\eclipse\apache-tomcat-8.5.38\maven-repository\net\sourceforge\nekohtml\nekohtml\1.9.22\nekohtml-1.9.22.jar;D:\Program Files\eclipse\apache-tomcat-8.5.38\maven-repository\xerces\xercesImpl\2.11.0\xercesImpl-2.11.0.jar;D:\Program Files\eclipse\apache-tomcat-8.5.38\maven-repository\xml-apis\xml-apis\1.4.01\xml-apis-1.4.01.jar;D:\Program Files\eclipse\apache-tomcat-8.5.38\maven-repository\mysql\mysql-connector-java\8.0.17\mysql-connector-java-8.0.17.jar;D:\Program Files\eclipse\apache-tomcat-8.5.38\maven-repository\org\mybatis\spring\boot\mybatis-spring-boot-starter\2.1.0\mybatis-spring-boot-starter-2.1.0.jar;D:\Program Files\eclipse\apache-tomcat-8.5.38\maven-repository\org\springframework\boot\spring-boot-starter-jdbc\2.1.8.RELEASE\spring-boot-starter-jdbc-2.1.8.RELEASE.jar;D:\Program Files\eclipse\apache-tomcat-8.5.38\maven-repository\com\zaxxer\HikariCP\3.2.0\HikariCP-3.2.0.jar;D:\Program Files\eclipse\apache-tomcat-8.5.38\maven-repository\org\springframework\spring-jdbc\5.1.9.RELEASE\spring-jdbc-5.1.9.RELEASE.jar;D:\Program Files\eclipse\apache-tomcat-8.5.38\maven-repository\org\springframework\spring-tx\5.1.9.RELEASE\spring-tx-5.1.9.RELEASE.jar;D:\Program Files\eclipse\apache-tomcat-8.5.38\maven-repository\org\mybatis\spring\boot\mybatis-spring-boot-autoconfigure\2.1.0\mybatis-spring-boot-autoconfigure-2.1.0.jar;D:\Program Files\eclipse\apache-tomcat-8.5.38\maven-repository\org\mybatis\mybatis\3.5.2\mybatis-3.5.2.jar;D:\Program Files\eclipse\apache-tomcat-8.5.38\maven-repository\org\mybatis\mybatis-spring\2.0.2\mybatis-spring-2.0.2.jar;D:\Program Files\eclipse\apache-tomcat-8.5.38\maven-repository\com\alibaba\druid\1.1.20\druid-1.1.20.jar;D:\Program Files\eclipse\apache-tomcat-8.5.38\maven-repository\commons-fileupload\commons-fileupload\1.4\commons-fileupload-1.4.jar;D:\Program Files\eclipse\apache-tomcat-8.5.38\maven-repository\commons-io\commons-io\2.2\commons-io-2.2.jar;D:\Program Files\eclipse\apache-tomcat-8.5.38\maven-repository\commons-beanutils\commons-beanutils\1.9.4\commons-beanutils-1.9.4.jar;D:\Program Files\eclipse\apache-tomcat-8.5.38\maven-repository\commons-logging\commons-logging\1.2\commons-logging-1.2.jar;D:\Program Files\eclipse\apache-tomcat-8.5.38\maven-repository\commons-collections\commons-collections\3.2.2\commons-collections-3.2.2.jar;"/>
    <property name="java.vm.vendor" value="Oracle Corporation"/>
    <property name="sun.arch.data.model" value="64"/>
    <property name="user.variant" value=""/>
    <property name="java.vendor.url" value="http://java.oracle.com/"/>
    <property name="user.timezone" value="Asia/Shanghai"/>
    <property name="java.vm.specification.version" value="1.8"/>
    <property name="os.name" value="Windows 10"/>
    <property name="user.country" value="CN"/>
    <property name="sun.java.launcher" value="SUN_STANDARD"/>
    <property name="sun.boot.library.path" value="D:\学习\java jdk\jre\bin"/>
    <property name="sun.java.command" value="C:\Users\17612\AppData\Local\Temp\surefire7106184517159277056\surefirebooter2474360968505287867.jar C:\Users\17612\AppData\Local\Temp\surefire7106184517159277056 2019-09-27T15-36-20_112-jvmRun1 surefire2169732423207536217tmp surefire_07125543658624568368tmp"/>
    <property name="surefire.test.class.path" value="D:\XMWorkSpace\qd_springboot20190926\target\test-classes;D:\XMWorkSpace\qd_springboot20190926\target\classes;D:\Program Files\eclipse\apache-tomcat-8.5.38\maven-repository\org\springframework\boot\spring-boot-starter-thymeleaf\2.1.8.RELEASE\spring-boot-starter-thymeleaf-2.1.8.RELEASE.jar;D:\Program Files\eclipse\apache-tomcat-8.5.38\maven-repository\org\springframework\boot\spring-boot-starter\2.1.8.RELEASE\spring-boot-starter-2.1.8.RELEASE.jar;D:\Program Files\eclipse\apache-tomcat-8.5.38\maven-repository\org\springframework\boot\spring-boot-starter-logging\2.1.8.RELEASE\spring-boot-starter-logging-2.1.8.RELEASE.jar;D:\Program Files\eclipse\apache-tomcat-8.5.38\maven-repository\ch\qos\logback\logback-classic\1.2.3\logback-classic-1.2.3.jar;D:\Program Files\eclipse\apache-tomcat-8.5.38\maven-repository\ch\qos\logback\logback-core\1.2.3\logback-core-1.2.3.jar;D:\Program Files\eclipse\apache-tomcat-8.5.38\maven-repository\org\apache\logging\log4j\log4j-to-slf4j\2.11.2\log4j-to-slf4j-2.11.2.jar;D:\Program Files\eclipse\apache-tomcat-8.5.38\maven-repository\org\apache\logging\log4j\log4j-api\2.11.2\log4j-api-2.11.2.jar;D:\Program Files\eclipse\apache-tomcat-8.5.38\maven-repository\org\slf4j\jul-to-slf4j\1.7.28\jul-to-slf4j-1.7.28.jar;D:\Program Files\eclipse\apache-tomcat-8.5.38\maven-repository\javax\annotation\javax.annotation-api\1.3.2\javax.annotation-api-1.3.2.jar;D:\Program Files\eclipse\apache-tomcat-8.5.38\maven-repository\org\yaml\snakeyaml\1.23\snakeyaml-1.23.jar;D:\Program Files\eclipse\apache-tomcat-8.5.38\maven-repository\org\thymeleaf\thymeleaf-spring5\3.0.11.RELEASE\thymeleaf-spring5-3.0.11.RELEASE.jar;D:\Program Files\eclipse\apache-tomcat-8.5.38\maven-repository\org\thymeleaf\thymeleaf\3.0.11.RELEASE\thymeleaf-3.0.11.RELEASE.jar;D:\Program Files\eclipse\apache-tomcat-8.5.38\maven-repository\org\attoparser\attoparser\2.0.5.RELEASE\attoparser-2.0.5.RELEASE.jar;D:\Program Files\eclipse\apache-tomcat-8.5.38\maven-repository\org\unbescape\unbescape\1.1.6.RELEASE\unbescape-1.1.6.RELEASE.jar;D:\Program Files\eclipse\apache-tomcat-8.5.38\maven-repository\org\slf4j\slf4j-api\1.7.28\slf4j-api-1.7.28.jar;D:\Program Files\eclipse\apache-tomcat-8.5.38\maven-repository\org\thymeleaf\extras\thymeleaf-extras-java8time\3.0.4.RELEASE\thymeleaf-extras-java8time-3.0.4.RELEASE.jar;D:\Program Files\eclipse\apache-tomcat-8.5.38\maven-repository\org\springframework\boot\spring-boot-starter-web\2.1.8.RELEASE\spring-boot-starter-web-2.1.8.RELEASE.jar;D:\Program Files\eclipse\apache-tomcat-8.5.38\maven-repository\org\springframework\boot\spring-boot-starter-json\2.1.8.RELEASE\spring-boot-starter-json-2.1.8.RELEASE.jar;D:\Program Files\eclipse\apache-tomcat-8.5.38\maven-repository\com\fasterxml\jackson\core\jackson-databind\2.9.9.3\jackson-databind-2.9.9.3.jar;D:\Program Files\eclipse\apache-tomcat-8.5.38\maven-repository\com\fasterxml\jackson\core\jackson-annotations\2.9.0\jackson-annotations-2.9.0.jar;D:\Program Files\eclipse\apache-tomcat-8.5.38\maven-repository\com\fasterxml\jackson\core\jackson-core\2.9.9\jackson-core-2.9.9.jar;D:\Program Files\eclipse\apache-tomcat-8.5.38\maven-repository\com\fasterxml\jackson\datatype\jackson-datatype-jdk8\2.9.9\jackson-datatype-jdk8-2.9.9.jar;D:\Program Files\eclipse\apache-tomcat-8.5.38\maven-repository\com\fasterxml\jackson\datatype\jackson-datatype-jsr310\2.9.9\jackson-datatype-jsr310-2.9.9.jar;D:\Program Files\eclipse\apache-tomcat-8.5.38\maven-repository\com\fasterxml\jackson\module\jackson-module-parameter-names\2.9.9\jackson-module-parameter-names-2.9.9.jar;D:\Program Files\eclipse\apache-tomcat-8.5.38\maven-repository\org\springframework\boot\spring-boot-starter-tomcat\2.1.8.RELEASE\spring-boot-starter-tomcat-2.1.8.RELEASE.jar;D:\Program Files\eclipse\apache-tomcat-8.5.38\maven-repository\org\apache\tomcat\embed\tomcat-embed-core\9.0.24\tomcat-embed-core-9.0.24.jar;D:\Program Files\eclipse\apache-tomcat-8.5.38\maven-repository\org\apache\tomcat\embed\tomcat-embed-el\9.0.24\tomcat-embed-el-9.0.24.jar;D:\Program Files\eclipse\apache-tomcat-8.5.38\maven-repository\org\apache\tomcat\embed\tomcat-embed-websocket\9.0.24\tomcat-embed-websocket-9.0.24.jar;D:\Program Files\eclipse\apache-tomcat-8.5.38\maven-repository\org\hibernate\validator\hibernate-validator\6.0.17.Final\hibernate-validator-6.0.17.Final.jar;D:\Program Files\eclipse\apache-tomcat-8.5.38\maven-repository\javax\validation\validation-api\2.0.1.Final\validation-api-2.0.1.Final.jar;D:\Program Files\eclipse\apache-tomcat-8.5.38\maven-repository\org\jboss\logging\jboss-logging\3.3.3.Final\jboss-logging-3.3.3.Final.jar;D:\Program Files\eclipse\apache-tomcat-8.5.38\maven-repository\com\fasterxml\classmate\1.4.0\classmate-1.4.0.jar;D:\Program Files\eclipse\apache-tomcat-8.5.38\maven-repository\org\springframework\spring-web\5.1.9.RELEASE\spring-web-5.1.9.RELEASE.jar;D:\Program Files\eclipse\apache-tomcat-8.5.38\maven-repository\org\springframework\spring-beans\5.1.9.RELEASE\spring-beans-5.1.9.RELEASE.jar;D:\Program Files\eclipse\apache-tomcat-8.5.38\maven-repository\org\springframework\spring-webmvc\5.1.9.RELEASE\spring-webmvc-5.1.9.RELEASE.jar;D:\Program Files\eclipse\apache-tomcat-8.5.38\maven-repository\org\springframework\spring-aop\5.1.9.RELEASE\spring-aop-5.1.9.RELEASE.jar;D:\Program Files\eclipse\apache-tomcat-8.5.38\maven-repository\org\springframework\spring-context\5.1.9.RELEASE\spring-context-5.1.9.RELEASE.jar;D:\Program Files\eclipse\apache-tomcat-8.5.38\maven-repository\org\springframework\spring-expression\5.1.9.RELEASE\spring-expression-5.1.9.RELEASE.jar;D:\Program Files\eclipse\apache-tomcat-8.5.38\maven-repository\org\springframework\boot\spring-boot-devtools\2.1.8.RELEASE\spring-boot-devtools-2.1.8.RELEASE.jar;D:\Program Files\eclipse\apache-tomcat-8.5.38\maven-repository\org\springframework\boot\spring-boot\2.1.8.RELEASE\spring-boot-2.1.8.RELEASE.jar;D:\Program Files\eclipse\apache-tomcat-8.5.38\maven-repository\org\springframework\boot\spring-boot-autoconfigure\2.1.8.RELEASE\spring-boot-autoconfigure-2.1.8.RELEASE.jar;D:\Program Files\eclipse\apache-tomcat-8.5.38\maven-repository\org\springframework\boot\spring-boot-starter-test\2.1.8.RELEASE\spring-boot-starter-test-2.1.8.RELEASE.jar;D:\Program Files\eclipse\apache-tomcat-8.5.38\maven-repository\org\springframework\boot\spring-boot-test\2.1.8.RELEASE\spring-boot-test-2.1.8.RELEASE.jar;D:\Program Files\eclipse\apache-tomcat-8.5.38\maven-repository\org\springframework\boot\spring-boot-test-autoconfigure\2.1.8.RELEASE\spring-boot-test-autoconfigure-2.1.8.RELEASE.jar;D:\Program Files\eclipse\apache-tomcat-8.5.38\maven-repository\com\jayway\jsonpath\json-path\2.4.0\json-path-2.4.0.jar;D:\Program Files\eclipse\apache-tomcat-8.5.38\maven-repository\net\minidev\json-smart\2.3\json-smart-2.3.jar;D:\Program Files\eclipse\apache-tomcat-8.5.38\maven-repository\net\minidev\accessors-smart\1.2\accessors-smart-1.2.jar;D:\Program Files\eclipse\apache-tomcat-8.5.38\maven-repository\org\ow2\asm\asm\5.0.4\asm-5.0.4.jar;D:\Program Files\eclipse\apache-tomcat-8.5.38\maven-repository\junit\junit\4.12\junit-4.12.jar;D:\Program Files\eclipse\apache-tomcat-8.5.38\maven-repository\org\assertj\assertj-core\3.11.1\assertj-core-3.11.1.jar;D:\Program Files\eclipse\apache-tomcat-8.5.38\maven-repository\org\mockito\mockito-core\2.23.4\mockito-core-2.23.4.jar;D:\Program Files\eclipse\apache-tomcat-8.5.38\maven-repository\net\bytebuddy\byte-buddy\1.9.16\byte-buddy-1.9.16.jar;D:\Program Files\eclipse\apache-tomcat-8.5.38\maven-repository\net\bytebuddy\byte-buddy-agent\1.9.16\byte-buddy-agent-1.9.16.jar;D:\Program Files\eclipse\apache-tomcat-8.5.38\maven-repository\org\objenesis\objenesis\2.6\objenesis-2.6.jar;D:\Program Files\eclipse\apache-tomcat-8.5.38\maven-repository\org\hamcrest\hamcrest-core\1.3\hamcrest-core-1.3.jar;D:\Program Files\eclipse\apache-tomcat-8.5.38\maven-repository\org\hamcrest\hamcrest-library\1.3\hamcrest-library-1.3.jar;D:\Program Files\eclipse\apache-tomcat-8.5.38\maven-repository\org\skyscreamer\jsonassert\1.5.0\jsonassert-1.5.0.jar;D:\Program Files\eclipse\apache-tomcat-8.5.38\maven-repository\com\vaadin\external\google\android-json\0.0.20131108.vaadin1\android-json-0.0.20131108.vaadin1.jar;D:\Program Files\eclipse\apache-tomcat-8.5.38\maven-repository\org\springframework\spring-core\5.1.9.RELEASE\spring-core-5.1.9.RELEASE.jar;D:\Program Files\eclipse\apache-tomcat-8.5.38\maven-repository\org\springframework\spring-jcl\5.1.9.RELEASE\spring-jcl-5.1.9.RELEASE.jar;D:\Program Files\eclipse\apache-tomcat-8.5.38\maven-repository\org\springframework\spring-test\5.1.9.RELEASE\spring-test-5.1.9.RELEASE.jar;D:\Program Files\eclipse\apache-tomcat-8.5.38\maven-repository\org\xmlunit\xmlunit-core\2.6.3\xmlunit-core-2.6.3.jar;D:\Program Files\eclipse\apache-tomcat-8.5.38\maven-repository\net\sourceforge\nekohtml\nekohtml\1.9.22\nekohtml-1.9.22.jar;D:\Program Files\eclipse\apache-tomcat-8.5.38\maven-repository\xerces\xercesImpl\2.11.0\xercesImpl-2.11.0.jar;D:\Program Files\eclipse\apache-tomcat-8.5.38\maven-repository\xml-apis\xml-apis\1.4.01\xml-apis-1.4.01.jar;D:\Program Files\eclipse\apache-tomcat-8.5.38\maven-repository\mysql\mysql-connector-java\8.0.17\mysql-connector-java-8.0.17.jar;D:\Program Files\eclipse\apache-tomcat-8.5.38\maven-repository\org\mybatis\spring\boot\mybatis-spring-boot-starter\2.1.0\mybatis-spring-boot-starter-2.1.0.jar;D:\Program Files\eclipse\apache-tomcat-8.5.38\maven-repository\org\springframework\boot\spring-boot-starter-jdbc\2.1.8.RELEASE\spring-boot-starter-jdbc-2.1.8.RELEASE.jar;D:\Program Files\eclipse\apache-tomcat-8.5.38\maven-repository\com\zaxxer\HikariCP\3.2.0\HikariCP-3.2.0.jar;D:\Program Files\eclipse\apache-tomcat-8.5.38\maven-repository\org\springframework\spring-jdbc\5.1.9.RELEASE\spring-jdbc-5.1.9.RELEASE.jar;D:\Program Files\eclipse\apache-tomcat-8.5.38\maven-repository\org\springframework\spring-tx\5.1.9.RELEASE\spring-tx-5.1.9.RELEASE.jar;D:\Program Files\eclipse\apache-tomcat-8.5.38\maven-repository\org\mybatis\spring\boot\mybatis-spring-boot-autoconfigure\2.1.0\mybatis-spring-boot-autoconfigure-2.1.0.jar;D:\Program Files\eclipse\apache-tomcat-8.5.38\maven-repository\org\mybatis\mybatis\3.5.2\mybatis-3.5.2.jar;D:\Program Files\eclipse\apache-tomcat-8.5.38\maven-repository\org\mybatis\mybatis-spring\2.0.2\mybatis-spring-2.0.2.jar;D:\Program Files\eclipse\apache-tomcat-8.5.38\maven-repository\com\alibaba\druid\1.1.20\druid-1.1.20.jar;D:\Program Files\eclipse\apache-tomcat-8.5.38\maven-repository\commons-fileupload\commons-fileupload\1.4\commons-fileupload-1.4.jar;D:\Program Files\eclipse\apache-tomcat-8.5.38\maven-repository\commons-io\commons-io\2.2\commons-io-2.2.jar;D:\Program Files\eclipse\apache-tomcat-8.5.38\maven-repository\commons-beanutils\commons-beanutils\1.9.4\commons-beanutils-1.9.4.jar;D:\Program Files\eclipse\apache-tomcat-8.5.38\maven-repository\commons-logging\commons-logging\1.2\commons-logging-1.2.jar;D:\Program Files\eclipse\apache-tomcat-8.5.38\maven-repository\commons-collections\commons-collections\3.2.2\commons-collections-3.2.2.jar;"/>
    <property name="sun.cpu.endian" value="little"/>
    <property name="user.home" value="C:\Users\17612"/>
    <property name="user.language" value="zh"/>
    <property name="java.specification.vendor" value="Oracle Corporation"/>
    <property name="java.home" value="D:\学习\java jdk\jre"/>
    <property name="basedir" value="D:\XMWorkSpace\qd_springboot20190926"/>
    <property name="file.separator" value="\"/>
    <property name="line.separator" value="&#10;"/>
    <property name="java.vm.specification.vendor" value="Oracle Corporation"/>
    <property name="java.specification.name" value="Java Platform API Specification"/>
    <property name="java.awt.graphicsenv" value="sun.awt.Win32GraphicsEnvironment"/>
    <property name="surefire.real.class.path" value="C:\Users\17612\AppData\Local\Temp\surefire7106184517159277056\surefirebooter2474360968505287867.jar"/>
    <property name="sun.boot.class.path" value="D:\学习\java jdk\jre\lib\resources.jar;D:\学习\java jdk\jre\lib\rt.jar;D:\学习\java jdk\jre\lib\sunrsasign.jar;D:\学习\java jdk\jre\lib\jsse.jar;D:\学习\java jdk\jre\lib\jce.jar;D:\学习\java jdk\jre\lib\charsets.jar;D:\学习\java jdk\jre\lib\jfr.jar;D:\学习\java jdk\jre\classes"/>
    <property name="user.script" value=""/>
    <property name="sun.management.compiler" value="HotSpot 64-Bit Tiered Compilers"/>
    <property name="java.runtime.version" value="1.8.0_144-b01"/>
    <property name="user.name" value="17612"/>
    <property name="path.separator" value=";"/>
    <property name="os.version" value="10.0"/>
    <property name="java.endorsed.dirs" value="D:\学习\java jdk\jre\lib\endorsed"/>
    <property name="java.runtime.name" value="Java(TM) SE Runtime Environment"/>
    <property name="file.encoding" value="GBK"/>
    <property name="java.vm.name" value="Java HotSpot(TM) 64-Bit Server VM"/>
    <property name="localRepository" value="D:\Program Files\eclipse\apache-tomcat-8.5.38\maven-repository"/>
    <property name="java.vendor.url.bug" value="http://bugreport.sun.com/bugreport/"/>
    <property name="java.io.tmpdir" value="C:\Users\17612\AppData\Local\Temp\"/>
    <property name="java.version" value="1.8.0_144"/>
    <property name="user.dir" value="D:\XMWorkSpace\qd_springboot20190926"/>
    <property name="os.arch" value="amd64"/>
    <property name="java.vm.specification.name" value="Java Virtual Machine Specification"/>
    <property name="java.awt.printerjob" value="sun.awt.windows.WPrinterJob"/>
    <property name="idea.version2019.1.3" value="true"/>
    <property name="sun.os.patch.level" value=""/>
    <property name="java.library.path" value="D:\学习\java jdk\jre\bin;C:\WINDOWS\Sun\Java\bin;C:\WINDOWS\system32;C:\WINDOWS;C:\Program Files (x86)\Intel\Intel(R) Management Engine Components\iCLS\;C:\Program Files\Intel\Intel(R) Management Engine Components\iCLS\;C:\Windows\system32;C:\Windows;C:\Windows\System32\Wbem;C:\Windows\System32\WindowsPowerShell\v1.0\;C:\Program Files (x86)\NVIDIA Corporation\PhysX\Common;C:\Program Files (x86)\Intel\Intel(R) Management Engine Components\DAL;C:\Program Files\Intel\Intel(R) Management Engine Components\DAL;C:\Program Files (x86)\Intel\Intel(R) Management Engine Components\IPT;C:\Program Files\Intel\Intel(R) Management Engine Components\IPT;C:\Program Files\Intel\WiFi\bin\;C:\Program Files\Common Files\Intel\WirelessCommon\;C:\WINDOWS\system32;C:\WINDOWS;C:\WINDOWS\System32\Wbem;C:\WINDOWS\System32\WindowsPowerShell\v1.0\;C:\WINDOWS\System32\OpenSSH\;C:\WINDOWS\system32\config\systemprofile\.dnx\bin;C:\Program Files\Microsoft DNX\Dnvm\;C:\Program Files\Microsoft SQL Server\120\Tools\Binn\;C:\Program Files\Microsoft SQL Server\130\Tools\Binn\;C:\Program Files (x86)\Microsoft SQL Server\150\DTS\Binn\;C:\Program Files\Microsoft SQL Server\Client SDK\ODBC\130\Tools\Binn\;C:\Program Files (x86)\Microsoft SQL Server\140\Tools\Binn\;C:\Program Files\Microsoft SQL Server\140\Tools\Binn\;C:\Program Files\Microsoft SQL Server\140\DTS\Binn\;D:\mysql8\mysql-8.0.16-winx64\bin\;D:\学习\java jre\bin\;D:\学习\java jdk\bin\;C:\Users\17612\AppData\Local\Microsoft\WindowsApps;;."/>
    <property name="java.vm.info" value="mixed mode"/>
    <property name="java.vendor" value="Oracle Corporation"/>
    <property name="java.vm.version" value="25.144-b01"/>
    <property name="java.ext.dirs" value="D:\学习\java jdk\jre\lib\ext;C:\WINDOWS\Sun\Java\lib\ext"/>
    <property name="sun.io.unicode.encoding" value="UnicodeLittle"/>
    <property name="java.class.version" value="52.0"/>
  </properties>
  <testcase name="contextLoads" classname="com.yuw.Springboot20190926ApplicationTests" time="0.22"/>
</testsuite>